<?xml version="1.0" encoding="UTF-8"?>
<testng-results skipped="0" failed="1" ignored="0" total="2" passed="1">
  <reporter-output>
  </reporter-output>
  <suite name="Suite" duration-ms="100563" started-at="2021-08-25T01:00:39Z" finished-at="2021-08-25T01:02:20Z">
    <groups>
    </groups>
    <test name="Test" duration-ms="100563" started-at="2021-08-25T01:00:39Z" finished-at="2021-08-25T01:02:20Z">
      <class name="com.webstaurantstore.EndToEndTest">
        <test-method status="PASS" signature="setUp()[pri:0, instance:com.webstaurantstore.EndToEndTest@3532ec19]" name="setUp" is-config="true" duration-ms="2575" started-at="2021-08-25T01:00:39Z" finished-at="2021-08-25T01:00:42Z">
          <reporter-output>
          </reporter-output>
        </test-method> <!-- setUp -->
        <test-method status="PASS" signature="addToCardLastItemTest()[pri:0, instance:com.webstaurantstore.EndToEndTest@3532ec19]" name="addToCardLastItemTest" duration-ms="19705" started-at="2021-08-25T01:00:42Z" finished-at="2021-08-25T01:01:02Z">
          <reporter-output>
          </reporter-output>
        </test-method> <!-- addToCardLastItemTest -->
        <test-method status="PASS" signature="closeDriver()[pri:0, instance:com.webstaurantstore.EndToEndTest@3532ec19]" name="closeDriver" is-config="true" duration-ms="1089" started-at="2021-08-25T01:01:02Z" finished-at="2021-08-25T01:01:03Z">
          <reporter-output>
          </reporter-output>
        </test-method> <!-- closeDriver -->
        <test-method status="PASS" signature="setUp()[pri:0, instance:com.webstaurantstore.EndToEndTest@3532ec19]" name="setUp" is-config="true" duration-ms="16" started-at="2021-08-25T01:01:03Z" finished-at="2021-08-25T01:01:03Z">
          <reporter-output>
          </reporter-output>
        </test-method> <!-- setUp -->
        <test-method status="FAIL" signature="searchItemTest()[pri:0, instance:com.webstaurantstore.EndToEndTest@3532ec19]" name="searchItemTest" duration-ms="76330" started-at="2021-08-25T01:01:03Z" finished-at="2021-08-25T01:02:19Z">
          <exception class="java.lang.AssertionError">
            <message>
              <![CDATA[The following asserts failed:
Title must be WebstaurantStore but was WebstaurantStore: Restaurant Supplies & Foodservice Equipment expected [WebstaurantStore] but found [WebstaurantStore: Restaurant Supplies & Foodservice Equipment],
steelton 30" x 36" 18-gauge stainless steel equipment stand with undershelf and galvanized legs does not contain Table expected [true] but found [false],
steelton 30" x 24" 18-gauge stainless steel equipment stand with undershelf and galvanized legs does not contain Table expected [true] but found [false],
steelton 30" x 48" 18-gauge stainless steel equipment stand with undershelf and galvanized legs does not contain Table expected [true] but found [false],
steelton 30" x 60" 18-gauge stainless steel equipment stand with undershelf and galvanized legs does not contain Table expected [true] but found [false],
steelton 30" x 72" 18-gauge stainless steel equipment stand with undershelf and galvanized legs does not contain Table expected [true] but found [false]]]>
            </message>
            <full-stacktrace>
              <![CDATA[java.lang.AssertionError: The following asserts failed:
Title must be WebstaurantStore but was WebstaurantStore: Restaurant Supplies & Foodservice Equipment expected [WebstaurantStore] but found [WebstaurantStore: Restaurant Supplies & Foodservice Equipment],
steelton 30" x 36" 18-gauge stainless steel equipment stand with undershelf and galvanized legs does not contain Table expected [true] but found [false],
steelton 30" x 24" 18-gauge stainless steel equipment stand with undershelf and galvanized legs does not contain Table expected [true] but found [false],
steelton 30" x 48" 18-gauge stainless steel equipment stand with undershelf and galvanized legs does not contain Table expected [true] but found [false],
steelton 30" x 60" 18-gauge stainless steel equipment stand with undershelf and galvanized legs does not contain Table expected [true] but found [false],
steelton 30" x 72" 18-gauge stainless steel equipment stand with undershelf and galvanized legs does not contain Table expected [true] but found [false]
at org.testng.asserts.SoftAssert.assertAll(SoftAssert.java:43)
at com.webstaurantstore.EndToEndTest.searchItemTest(EndToEndTest.java:24)
at sun.reflect.NativeMethodAccessorImpl.invoke0(Native Method)
at sun.reflect.NativeMethodAccessorImpl.invoke(Unknown Source)
at sun.reflect.DelegatingMethodAccessorImpl.invoke(Unknown Source)
at java.lang.reflect.Method.invoke(Unknown Source)
at org.testng.internal.MethodInvocationHelper.invokeMethod(MethodInvocationHelper.java:124)
at org.testng.internal.Invoker.invokeMethod(Invoker.java:583)
at org.testng.internal.Invoker.invokeTestMethod(Invoker.java:719)
at org.testng.internal.Invoker.invokeTestMethods(Invoker.java:989)
at org.testng.internal.TestMethodWorker.invokeTestMethods(TestMethodWorker.java:125)
at org.testng.internal.TestMethodWorker.run(TestMethodWorker.java:109)
at org.testng.TestRunner.privateRun(TestRunner.java:648)
at org.testng.TestRunner.run(TestRunner.java:505)
at org.testng.SuiteRunner.runTest(SuiteRunner.java:455)
at org.testng.SuiteRunner.runSequentially(SuiteRunner.java:450)
at org.testng.SuiteRunner.privateRun(SuiteRunner.java:415)
at org.testng.SuiteRunner.run(SuiteRunner.java:364)
at org.testng.SuiteRunnerWorker.runSuite(SuiteRunnerWorker.java:52)
at org.testng.SuiteRunnerWorker.run(SuiteRunnerWorker.java:84)
at org.testng.TestNG.runSuitesSequentially(TestNG.java:1208)
at org.testng.TestNG.runSuitesLocally(TestNG.java:1137)
at org.testng.TestNG.runSuites(TestNG.java:1049)
at org.testng.TestNG.run(TestNG.java:1017)
at org.testng.remote.AbstractRemoteTestNG.run(AbstractRemoteTestNG.java:115)
at org.testng.remote.RemoteTestNG.initAndRun(RemoteTestNG.java:251)
at org.testng.remote.RemoteTestNG.main(RemoteTestNG.java:77)
]]>
            </full-stacktrace>
          </exception> <!-- java.lang.AssertionError -->
          <reporter-output>
          </reporter-output>
        </test-method> <!-- searchItemTest -->
        <test-method status="PASS" signature="closeDriver()[pri:0, instance:com.webstaurantstore.EndToEndTest@3532ec19]" name="closeDriver" is-config="true" duration-ms="805" started-at="2021-08-25T01:02:19Z" finished-at="2021-08-25T01:02:20Z">
          <reporter-output>
          </reporter-output>
        </test-method> <!-- closeDriver -->
      </class> <!-- com.webstaurantstore.EndToEndTest -->
    </test> <!-- Test -->
  </suite> <!-- Suite -->
</testng-results>
